<?xml version="1.0" encoding="UTF-8"?>
<!-- Generated by org.testng.reporters.JUnitXMLReporter -->
<testsuite hostname="ENT51" failures="1" tests="1" name="Test" time="4.837" errors="0" timestamp="9 Feb 2019 12:33:11 GMT">
  <testcase classname="plain.QuestionAdd" name="login" time="4.04">
    <failure type="java.lang.AssertionError" message="expected [200.0] but found [200]">
      <![CDATA[java.lang.AssertionError: expected [200.0] but found [200]
	at plain.QuestionAdd.login(QuestionAdd.java:125)
... Removed 28 stack frames]]>
    </failure>
  </testcase> <!-- login -->
</testsuite> <!-- Test -->
