<?xml version="1.0" encoding="UTF-8"?>
<testng-results total="1" passed="1" failed="0" skipped="0">
  <reporter-output>
  </reporter-output>
  <suite started-at="2019-02-06T10:45:26Z" name="Suite" finished-at="2019-02-06T10:45:30Z" duration-ms="3318">
    <groups>
    </groups>
    <test started-at="2019-02-06T10:45:26Z" name="Test" finished-at="2019-02-06T10:45:30Z" duration-ms="3318">
      <class name="plain.QuestionAdd">
        <test-method is-config="true" signature="openBrowser()[pri:0, instance:plain.QuestionAdd@7dc0f706]" started-at="2019-02-06T16:15:26Z" name="openBrowser" finished-at="2019-02-06T16:15:26Z" duration-ms="22" status="PASS">
          <reporter-output>
          </reporter-output>
        </test-method> <!-- openBrowser -->
        <test-method is-config="true" signature="beforeClass()[pri:0, instance:plain.QuestionAdd@7dc0f706]" started-at="2019-02-06T16:15:26Z" name="beforeClass" finished-at="2019-02-06T16:15:26Z" duration-ms="39" status="PASS">
          <reporter-output>
          </reporter-output>
        </test-method> <!-- beforeClass -->
        <test-method signature="login()[pri:0, instance:plain.QuestionAdd@7dc0f706]" started-at="2019-02-06T16:15:26Z" name="login" description="login to the application" finished-at="2019-02-06T16:15:30Z" duration-ms="3252" status="PASS">
          <reporter-output>
          </reporter-output>
        </test-method> <!-- login -->
      </class> <!-- plain.QuestionAdd -->
    </test> <!-- Test -->
  </suite> <!-- Suite -->
</testng-results>
